mode: set
echo-todo-api/repository/task_repository.go:23.53,25.2 1 0
echo-todo-api/repository/task_repository.go:27.79,29.109 1 0
echo-todo-api/repository/task_repository.go:29.109,31.3 1 0
echo-todo-api/repository/task_repository.go:32.2,32.12 1 0
echo-todo-api/repository/task_repository.go:35.89,37.97 1 0
echo-todo-api/repository/task_repository.go:37.97,39.3 1 0
echo-todo-api/repository/task_repository.go:40.2,40.12 1 0
echo-todo-api/repository/task_repository.go:43.62,44.49 1 0
echo-todo-api/repository/task_repository.go:44.49,46.3 1 0
echo-todo-api/repository/task_repository.go:47.2,47.12 1 0
echo-todo-api/repository/task_repository.go:50.88,53.25 2 0
echo-todo-api/repository/task_repository.go:53.25,55.3 1 0
echo-todo-api/repository/task_repository.go:57.2,57.29 1 0
echo-todo-api/repository/task_repository.go:57.29,59.3 1 0
echo-todo-api/repository/task_repository.go:60.2,60.12 1 0
echo-todo-api/repository/task_repository.go:63.70,65.25 2 0
echo-todo-api/repository/task_repository.go:65.25,67.3 1 0
echo-todo-api/repository/task_repository.go:68.2,68.29 1 0
echo-todo-api/repository/task_repository.go:68.29,70.3 1 0
echo-todo-api/repository/task_repository.go:71.2,71.12 1 0
echo-todo-api/repository/user_repository.go:19.53,21.2 1 0
echo-todo-api/repository/user_repository.go:23.80,25.72 1 0
echo-todo-api/repository/user_repository.go:25.72,27.3 1 0
echo-todo-api/repository/user_repository.go:28.2,28.12 1 0
echo-todo-api/repository/user_repository.go:31.62,32.49 1 0
echo-todo-api/repository/user_repository.go:32.49,34.3 1 0
echo-todo-api/repository/user_repository.go:35.2,35.12 1 0
echo-todo-api/usecase/task_usecase.go:22.94,24.2 1 0
echo-todo-api/usecase/task_usecase.go:26.79,28.58 2 0
echo-todo-api/usecase/task_usecase.go:28.58,30.3 1 0
echo-todo-api/usecase/task_usecase.go:31.2,33.26 2 0
echo-todo-api/usecase/task_usecase.go:33.26,41.3 2 0
echo-todo-api/usecase/task_usecase.go:42.2,42.22 1 0
echo-todo-api/usecase/task_usecase.go:45.90,47.65 2 0
echo-todo-api/usecase/task_usecase.go:47.65,49.3 1 0
echo-todo-api/usecase/task_usecase.go:50.2,56.21 2 0
echo-todo-api/usecase/task_usecase.go:59.80,60.49 1 0
echo-todo-api/usecase/task_usecase.go:60.49,62.3 1 0
echo-todo-api/usecase/task_usecase.go:63.2,63.48 1 0
echo-todo-api/usecase/task_usecase.go:63.48,65.3 1 0
echo-todo-api/usecase/task_usecase.go:67.2,73.21 2 0
echo-todo-api/usecase/task_usecase.go:76.106,77.49 1 0
echo-todo-api/usecase/task_usecase.go:77.49,79.3 1 0
echo-todo-api/usecase/task_usecase.go:80.2,80.64 1 0
echo-todo-api/usecase/task_usecase.go:80.64,82.3 1 0
echo-todo-api/usecase/task_usecase.go:83.2,89.21 2 0
echo-todo-api/usecase/task_usecase.go:92.67,93.57 1 0
echo-todo-api/usecase/task_usecase.go:93.57,95.3 1 0
echo-todo-api/usecase/task_usecase.go:96.2,96.12 1 0
echo-todo-api/usecase/user_usecase.go:28.94,31.2 1 0
echo-todo-api/usecase/user_usecase.go:33.76,34.49 1 0
echo-todo-api/usecase/user_usecase.go:34.49,36.3 1 0
echo-todo-api/usecase/user_usecase.go:38.2,39.16 2 0
echo-todo-api/usecase/user_usecase.go:39.16,41.3 1 0
echo-todo-api/usecase/user_usecase.go:42.2,43.51 2 0
echo-todo-api/usecase/user_usecase.go:43.51,45.3 1 0
echo-todo-api/usecase/user_usecase.go:47.2,51.21 2 0
echo-todo-api/usecase/user_usecase.go:54.63,55.49 1 0
echo-todo-api/usecase/user_usecase.go:55.49,57.3 1 0
echo-todo-api/usecase/user_usecase.go:58.2,59.70 2 0
echo-todo-api/usecase/user_usecase.go:59.70,61.3 1 0
echo-todo-api/usecase/user_usecase.go:63.2,64.16 2 0
echo-todo-api/usecase/user_usecase.go:64.16,66.3 1 0
echo-todo-api/usecase/user_usecase.go:67.2,74.16 3 0
echo-todo-api/usecase/user_usecase.go:74.16,76.3 1 0
echo-todo-api/usecase/user_usecase.go:77.2,77.25 1 0
